<?xml version="1.0" encoding="UTF-8"?>
<!-- Generated by org.testng.reporters.JUnitReportReporter -->
<testsuite skipped="0" hostname="INGGNLT9HTHX33" name="ChainRestAPI.OAuthTestWithPOJO" tests="1" failures="0" timestamp="2022-02-01T14:28:30 IST" time="2.882" errors="0">
  <testcase name="oauth" time="2.882" classname="ChainRestAPI.OAuthTestWithPOJO"/>
  <system-out/>
</testsuite> <!-- ChainRestAPI.OAuthTestWithPOJO -->
