<?xml version="1.0" encoding="UTF-8"?>
<!-- Generated by org.testng.reporters.JUnitReportReporter -->
<testsuite skipped="0" hostname="INGGNLT9HTHX33" name="ChainRestAPI.ComplexJson" tests="1" failures="0" timestamp="2022-02-01T12:56:40 IST" time="0.586" errors="0">
  <testcase name="complexJsonParse" time="0.586" classname="ChainRestAPI.ComplexJson"/>
  <system-out/>
</testsuite> <!-- ChainRestAPI.ComplexJson -->
