<?xml version="1.0" encoding="UTF-8"?>
<!-- Generated by org.testng.reporters.JUnitReportReporter -->
<testsuite skipped="0" hostname="INGGNLT9HTHX33" name="ChainRestAPI.Revision1" tests="1" failures="0" timestamp="2022-03-16T15:50:03 IST" time="10.332" errors="0">
  <testcase name="addPlaceIDUsingPOST" time="10.332" classname="ChainRestAPI.Revision1"/>
  <system-out/>
</testsuite> <!-- ChainRestAPI.Revision1 -->
