<?xml version="1.0" encoding="UTF-8"?>
<!-- Generated by org.testng.reporters.JUnitReportReporter -->
<testsuite skipped="0" hostname="INGGNLT9HTHX33" name="ChainRestAPI.PutTest" tests="1" failures="0" timestamp="2022-03-16T15:50:27 IST" time="8.669" errors="0">
  <testcase name="testPut" time="8.669" classname="ChainRestAPI.PutTest"/>
  <system-out/>
</testsuite> <!-- ChainRestAPI.PutTest -->
