<?xml version="1.0" encoding="UTF-8"?>
<!-- Generated by org.testng.reporters.JUnitReportReporter -->
<testsuite skipped="0" hostname="INGGNLT9HTHX33" name="ChainRestAPI.serializeTest" tests="1" failures="0" timestamp="2022-03-14T20:28:17 IST" time="2.623" errors="0">
  <testcase name="testSerialize" time="2.623" classname="ChainRestAPI.serializeTest"/>
  <system-out/>
</testsuite> <!-- ChainRestAPI.serializeTest -->
