<?xml version="1.0" encoding="UTF-8"?>
<!-- Generated by org.testng.reporters.JUnitReportReporter -->
<testsuite skipped="0" hostname="INGGNLT9HTHX33" name="Academy.RestAPI.Basics" tests="1" failures="0" timestamp="2022-01-24T18:57:57 IST" time="3.290" errors="0">
  <testcase name="restCheck" time="3.290" classname="Academy.RestAPI.Basics"/>
  <system-out/>
</testsuite> <!-- Academy.RestAPI.Basics -->
