<?xml version="1.0" encoding="UTF-8"?>
<!-- Generated by org.testng.reporters.JUnitReportReporter -->
<testsuite skipped="0" hostname="INGGNLT9HTHX33" name="ChainRestAPI.Revision2" tests="1" failures="0" timestamp="2022-02-11T11:23:26 IST" time="0.806" errors="0">
  <testcase name="revision2" time="0.806" classname="ChainRestAPI.Revision2"/>
  <system-out/>
</testsuite> <!-- ChainRestAPI.Revision2 -->
